INFO:root:38
INFO:root:maxX, maxY = 141, 36
INFO:root:Room #0
INFO:root:Room #1
INFO:root:Room #2
INFO:root:Room #3
INFO:root:Room #4
INFO:root:Room #5
INFO:root:Room #6
INFO:root:Room #7
INFO:root:Room #8
INFO:root:Room #9
INFO:root:Room #10
INFO:root:Room #11
INFO:root:Room #12
INFO:root:Room #13
INFO:root:Room #14
INFO:root:Room #15
INFO:root:Room #16
INFO:root:Room #17
INFO:root:Room #18
INFO:root:Room #19
INFO:root:Room #20
INFO:root:Room #21
INFO:root:Room #22
INFO:root:Room #23
INFO:root:Room #24
INFO:root:Room #25
INFO:root:Room #26
INFO:root:Room #27
INFO:root:Room #28
INFO:root:Room #29
INFO:root:38
INFO:root:maxX, maxY = 141, 36
INFO:root:Room #0
INFO:root:Room #1
INFO:root:Room #2
INFO:root:Room #3
INFO:root:Room #4
INFO:root:Room #5
INFO:root:Room #6
INFO:root:Room #7
INFO:root:Room #8
INFO:root:Room #9
INFO:root:Room #10
INFO:root:Room #11
INFO:root:Room #12
INFO:root:Room #13
INFO:root:Room #14
INFO:root:Room #15
INFO:root:Room #16
INFO:root:Room #17
INFO:root:Room #18
INFO:root:Room #19
INFO:root:Room #20
INFO:root:Room #21
INFO:root:Room #22
INFO:root:Room #23
INFO:root:Room #24
INFO:root:Room #25
INFO:root:Room #26
INFO:root:Room #27
INFO:root:Room #28
INFO:root:Room #29
INFO:root:Not blocked
INFO:root:Not blocked
INFO:root:Not blocked
INFO:root:Blocked by wall
INFO:root:Not blocked
INFO:root:Not blocked
INFO:root:Not blocked
INFO:root:Not blocked
INFO:root:Not blocked
INFO:root:Not blocked
INFO:root:Not blocked
INFO:root:Not blocked
INFO:root:Not blocked
INFO:root:Not blocked
INFO:root:Blocked by An angry Orc.
INFO:root:Blocked by An angry Orc.
INFO:root:Blocked by An angry Orc.
INFO:root:Blocked by An angry Orc.
INFO:root:Blocked by An angry Orc.
INFO:root:Blocked by An angry Orc.
INFO:root:Blocked by An angry Orc.
